-------------------------------------------------------------------------------
Test set: TestSuite
-------------------------------------------------------------------------------
Tests run: 7, Failures: 1, Errors: 0, Skipped: 0, Time elapsed: 9.774 s <<< FAILURE! - in TestSuite
restapi.BDD.getreq.patchoperation  Time elapsed: 0.657 s  <<< FAILURE!
java.lang.AssertionError: 
1 expectation failed.
Expected status code <200> but was <404>.

	at restapi.BDD.getreq.patchoperation(getreq.java:73)

