<?xml version="1.0" encoding="UTF-8"?>
<testsuite xmlns:xsi="http://www.w3.org/2001/XMLSchema-instance" xsi:noNamespaceSchemaLocation="https://maven.apache.org/surefire/maven-surefire-plugin/xsd/surefire-test-report-3.0.xsd" version="3.0" name="TestSuite" time="9.774" tests="7" errors="0" skipped="0" failures="1">
  <properties>
[...]
</properties>
  <testcase name="deleteoperation" classname="restapi.BDD.getreq" time="3.06">
    <system-out><![CDATA[[TestNGContentHandler] [WARN] It is strongly recommended to add "<!DOCTYPE suite SYSTEM "http://testng.org/testng-1.0.dtd" >" at the top of your file, otherwise TestNG may fail or not work as expected.
{
    
}
]]></system-out>
  </testcase>
  <testcase name="getoperationusingQueryparameters" classname="restapi.BDD.getreq" time="1.963">
    <system-out><![CDATA[<html>
  <body>{"result:":{"statements":[{"TRANSACTION_ID":"12","ACCOUNT_NO":"1","DATE_OF_TRANSACTION":"2013-11-16","AMOUNT":"500","TRANSACTION_TYPE":"D","DESCRIPTION":"Initial Deposit"},{"TRANSACTION_ID":"23","ACCOUNT_NO":"1","DATE_OF_TRANSACTION":"2013-11-17","AMOUNT":"14","TRANSACTION_TYPE":"t","DESCRIPTION":"yi Tansfer From 14"},{"TRANSACTION_ID":"25","ACCOUNT_NO":"1","DATE_OF_TRANSACTION":"2013-11-18","AMOUNT":"1","TRANSACTION_TYPE":"t","DESCRIPTION":"hgg Tansfer From 15"},{"TRANSACTION_ID":"49745","ACCOUNT_NO":"1","DATE_OF_TRANSACTION":"2017-04-13","AMOUNT":"0","TRANSACTION_TYPE":"t","DESCRIPTION":"0 Tansfer From 1"},{"TRANSACTION_ID":"94867","ACCOUNT_NO":"1","DATE_OF_TRANSACTION":"2018-11-21","AMOUNT":"500","TRANSACTION_TYPE":"t","DESCRIPTION":"cash Tansfer From 14"}]},"message":{"ErrorCode:":0,"ErrorMsg:":"Success"}}</body>
</html>
]]></system-out>
  </testcase>
  <testcase name="getoperationusingparameters" classname="restapi.BDD.getreq" time="1.829">
    <system-out><![CDATA[HTTP/1.1 200 OK
X-Powered-By: Express
Vary: Origin, Accept-Encoding
Access-Control-Allow-Credentials: true
Cache-Control: no-cache
Pragma: no-cache
Expires: -1
X-Content-Type-Options: nosniff
Content-Type: application/json; charset=utf-8
Content-Length: 54
ETag: W/"36-NvT0fjydcdktQH34IXAvtJbmvjI"
Date: Sun, 11 Feb 2024 15:42:52 GMT
Connection: keep-alive
Keep-Alive: timeout=5

{
    "id": 1,
    "name": "Pankaj",
    "salary": "10000"
}
]]></system-out>
  </testcase>
  <testcase name="patchoperation" classname="restapi.BDD.getreq" time="0.657">
    <failure message="1 expectation failed.&#10;Expected status code &lt;200&gt; but was &lt;404&gt;.&#10;" type="java.lang.AssertionError"><![CDATA[java.lang.AssertionError: 
1 expectation failed.
Expected status code <200> but was <404>.

	at restapi.BDD.getreq.patchoperation(getreq.java:73)
]]></failure>
    <system-out><![CDATA[{
    
}
]]></system-out>
  </testcase>
  <testcase name="postoperationusinghashmap" classname="restapi.BDD.getreq" time="0.113">
    <system-out><![CDATA[{
    "name": "john",
    "id": "4",
    "salary": "9"
}
]]></system-out>
  </testcase>
  <testcase name="putoperation" classname="restapi.BDD.getreq" time="0.101">
    <system-out><![CDATA[{
    "name": "johnAbraham",
    "id": "4",
    "salary": "900"
}
]]></system-out>
  </testcase>
  <testcase name="test" classname="restapi.BDD.getreq" time="0.208">
    <system-out><![CDATA[[
    {
        "id": 1,
        "name": "Pankaj",
        "salary": "10000"
    },
    {
        "name": "David",
        "salary": "5000",
        "id": 2
    },
    {
        "name": "Aparrajit",
        "salary": 5000,
        "id": 3
    },
    {
        "name": "vaib",
        "salary": 50000,
        "id": 5
    },
    {
        "name": "johnAbraham",
        "id": "4",
        "salary": "900"
    }
]
]]></system-out>
  </testcase>
</testsuite>