<?xml version="1.0" encoding="UTF-8"?>
<testng-results ignored="0" total="1" passed="1" failed="0" skipped="0">
  <reporter-output>
  </reporter-output>
  <suite started-at="2024-02-12T15:01:23Z" name="Default suite" finished-at="2024-02-12T15:01:26Z" duration-ms="2192">
    <groups>
    </groups>
    <test started-at="2024-02-12T15:01:23Z" name="Default test" finished-at="2024-02-12T15:01:26Z" duration-ms="2192">
      <class name="com.restapi.PostReqHashMap">
        <test-method signature="test1()[pri:0, instance:com.restapi.PostReqHashMap@7d9d0818]" started-at="2024-02-12T15:01:24Z" name="test1" finished-at="2024-02-12T15:01:26Z" duration-ms="2166" status="PASS">
          <reporter-output>
          </reporter-output>
        </test-method> <!-- test1 -->
      </class> <!-- com.restapi.PostReqHashMap -->
    </test> <!-- Default test -->
  </suite> <!-- Default suite -->
</testng-results>
